<?xml version="1.0" encoding="UTF-8"?>
<testsuite name="com.example.project.TestWordPair" tests="2" skipped="0" failures="0" errors="0" timestamp="2025-02-13T13:59:04" hostname="codespaces-e77a70" time="0.03">
  <properties/>
  <testcase name="testPARTA()" classname="com.example.project.TestWordPair" time="0.027"/>
  <testcase name="testPARTB()" classname="com.example.project.TestWordPair" time="0.002"/>
  <system-out><![CDATA[]]></system-out>
  <system-err><![CDATA[]]></system-err>
</testsuite>
