<?xml version="1.0" encoding="UTF-8"?>
<testsuite name="com.example.project.TestWordScramble" tests="2" skipped="0" failures="0" errors="0" timestamp="2025-02-13T13:59:05" hostname="codespaces-e77a70" time="0.033">
  <properties/>
  <testcase name="testScrambleWordPARTA()" classname="com.example.project.TestWordScramble" time="0.024"/>
  <testcase name="testScrambleOrRemovePARTB()" classname="com.example.project.TestWordScramble" time="0.001"/>
  <system-out><![CDATA[]]></system-out>
  <system-err><![CDATA[]]></system-err>
</testsuite>
